<?xml version="1.0" encoding="UTF-8"?>
<testng-results skipped="0" failed="0" ignored="0" total="4" passed="4">
  <reporter-output>
  </reporter-output>
  <suite name="Search-Module" duration-ms="173681" started-at="2022-10-11T03:08:18 GMT" finished-at="2022-10-11T03:11:12 GMT">
    <groups>
    </groups>
    <test name="search-test-java" duration-ms="81338" started-at="2022-10-11T03:08:18 GMT" finished-at="2022-10-11T03:09:39 GMT">
      <class name="com.searchmodule.tests.SearchTest">
        <test-method status="PASS" signature="setupDriver(org.testng.ITestContext)[pri:0, instance:com.searchmodule.tests.SearchTest@76707e36]" name="setupDriver" is-config="true" duration-ms="42332" started-at="2022-10-11T03:08:18 GMT" finished-at="2022-10-11T03:09:01 GMT">
          <params>
            <param index="0">
              <value>
                <![CDATA[org.testng.TestRunner@6801b414]]>
              </value>
            </param>
          </params>
          <reporter-output>
          </reporter-output>
        </test-method> <!-- setupDriver -->
        <test-method status="PASS" signature="SearchTest(java.lang.String)[pri:0, instance:com.searchmodule.tests.SearchTest@76707e36]" name="SearchTest" duration-ms="36282" started-at="2022-10-11T03:09:01 GMT" finished-at="2022-10-11T03:09:37 GMT">
          <params>
            <param index="0">
              <value>
                <![CDATA[java]]>
              </value>
            </param>
          </params>
          <reporter-output>
          </reporter-output>
        </test-method> <!-- SearchTest -->
        <test-method status="PASS" signature="quiteBrowser()[pri:0, instance:com.searchmodule.tests.SearchTest@76707e36]" name="quiteBrowser" is-config="true" duration-ms="2554" started-at="2022-10-11T03:09:37 GMT" finished-at="2022-10-11T03:09:39 GMT">
          <reporter-output>
          </reporter-output>
        </test-method> <!-- quiteBrowser -->
      </class> <!-- com.searchmodule.tests.SearchTest -->
    </test> <!-- search-test-java -->
    <test name="search-test-webdriver" duration-ms="42840" started-at="2022-10-11T03:09:40 GMT" finished-at="2022-10-11T03:10:23 GMT">
      <class name="com.searchmodule.tests.SearchTest">
        <test-method status="PASS" signature="setupDriver(org.testng.ITestContext)[pri:0, instance:com.searchmodule.tests.SearchTest@6ee52dcd]" name="setupDriver" is-config="true" duration-ms="23546" started-at="2022-10-11T03:09:40 GMT" finished-at="2022-10-11T03:10:03 GMT">
          <params>
            <param index="0">
              <value>
                <![CDATA[org.testng.TestRunner@177c41d7]]>
              </value>
            </param>
          </params>
          <reporter-output>
          </reporter-output>
        </test-method> <!-- setupDriver -->
        <test-method status="PASS" signature="SearchTest(java.lang.String)[pri:0, instance:com.searchmodule.tests.SearchTest@6ee52dcd]" name="SearchTest" duration-ms="16344" started-at="2022-10-11T03:10:03 GMT" finished-at="2022-10-11T03:10:20 GMT">
          <params>
            <param index="0">
              <value>
                <![CDATA[webdriver]]>
              </value>
            </param>
          </params>
          <reporter-output>
          </reporter-output>
        </test-method> <!-- SearchTest -->
        <test-method status="PASS" signature="quiteBrowser()[pri:0, instance:com.searchmodule.tests.SearchTest@6ee52dcd]" name="quiteBrowser" is-config="true" duration-ms="2934" started-at="2022-10-11T03:10:20 GMT" finished-at="2022-10-11T03:10:23 GMT">
          <reporter-output>
          </reporter-output>
        </test-method> <!-- quiteBrowser -->
      </class> <!-- com.searchmodule.tests.SearchTest -->
    </test> <!-- search-test-webdriver -->
    <test name="search-test-docker" duration-ms="29562" started-at="2022-10-11T03:10:23 GMT" finished-at="2022-10-11T03:10:52 GMT">
      <class name="com.searchmodule.tests.SearchTest">
        <test-method status="PASS" signature="setupDriver(org.testng.ITestContext)[pri:0, instance:com.searchmodule.tests.SearchTest@4232c52b]" name="setupDriver" is-config="true" duration-ms="13385" started-at="2022-10-11T03:10:23 GMT" finished-at="2022-10-11T03:10:36 GMT">
          <params>
            <param index="0">
              <value>
                <![CDATA[org.testng.TestRunner@4f327096]]>
              </value>
            </param>
          </params>
          <reporter-output>
          </reporter-output>
        </test-method> <!-- setupDriver -->
        <test-method status="PASS" signature="SearchTest(java.lang.String)[pri:0, instance:com.searchmodule.tests.SearchTest@4232c52b]" name="SearchTest" duration-ms="13974" started-at="2022-10-11T03:10:36 GMT" finished-at="2022-10-11T03:10:50 GMT">
          <params>
            <param index="0">
              <value>
                <![CDATA[docker]]>
              </value>
            </param>
          </params>
          <reporter-output>
          </reporter-output>
        </test-method> <!-- SearchTest -->
        <test-method status="PASS" signature="quiteBrowser()[pri:0, instance:com.searchmodule.tests.SearchTest@4232c52b]" name="quiteBrowser" is-config="true" duration-ms="2187" started-at="2022-10-11T03:10:50 GMT" finished-at="2022-10-11T03:10:52 GMT">
          <reporter-output>
          </reporter-output>
        </test-method> <!-- quiteBrowser -->
      </class> <!-- com.searchmodule.tests.SearchTest -->
    </test> <!-- search-test-docker -->
    <test name="search-test-kubernetes" duration-ms="19385" started-at="2022-10-11T03:10:52 GMT" finished-at="2022-10-11T03:11:12 GMT">
      <class name="com.searchmodule.tests.SearchTest">
        <test-method status="PASS" signature="setupDriver(org.testng.ITestContext)[pri:0, instance:com.searchmodule.tests.SearchTest@11438d26]" name="setupDriver" is-config="true" duration-ms="10026" started-at="2022-10-11T03:10:52 GMT" finished-at="2022-10-11T03:11:02 GMT">
          <params>
            <param index="0">
              <value>
                <![CDATA[org.testng.TestRunner@1d61a348]]>
              </value>
            </param>
          </params>
          <reporter-output>
          </reporter-output>
        </test-method> <!-- setupDriver -->
        <test-method status="PASS" signature="SearchTest(java.lang.String)[pri:0, instance:com.searchmodule.tests.SearchTest@11438d26]" name="SearchTest" duration-ms="6761" started-at="2022-10-11T03:11:02 GMT" finished-at="2022-10-11T03:11:09 GMT">
          <params>
            <param index="0">
              <value>
                <![CDATA[kubernetes]]>
              </value>
            </param>
          </params>
          <reporter-output>
          </reporter-output>
        </test-method> <!-- SearchTest -->
        <test-method status="PASS" signature="quiteBrowser()[pri:0, instance:com.searchmodule.tests.SearchTest@11438d26]" name="quiteBrowser" is-config="true" duration-ms="2584" started-at="2022-10-11T03:11:09 GMT" finished-at="2022-10-11T03:11:12 GMT">
          <reporter-output>
          </reporter-output>
        </test-method> <!-- quiteBrowser -->
      </class> <!-- com.searchmodule.tests.SearchTest -->
    </test> <!-- search-test-kubernetes -->
  </suite> <!-- Search-Module -->
</testng-results>
